C51 COMPILER V9.02   AD3421                                                                01/12/2014 08:41:25 PAGE 1   


C51 COMPILER V9.02, COMPILATION OF MODULE AD3421
OBJECT MODULE PLACED IN AD3421.OBJ
COMPILER INVOKED BY: C:\Keil\C51\BIN\C51.EXE AD3421.C OMF2 OPTIMIZE(4,SPEED) BROWSE DEBUG

line level    source

   1          /***********************************************
   2            PRODUCT FOR NEWCAL MIX_TEMP FUNCTION
   3             CPU : MPC82G516
   4             BEGIN DATE: 2013.11.01
   5             FINISHED  : 2014.01.25
   6             WRITEBY   :JOHNSON LIN
   7             AD3421  setup   SET 1001 0000 FOR A0 TYPE 
   8              8CH =  pga =1 ,32767BITS
   9          **************************************************/
  10          #include <MPC82G516.h>
  11          #include <AD3421.h>
  12          
  13          
  14          
  15          #define   read_com  0x91    //    10010001
  16          #define   write_com 0x90    //    10010000
  17          #define   ic_com    0x8C    //    define PGA and counter
  18          
  19          sbit Value_SCL  = P2^6;
  20          sbit Value_SDA  = P2^7;
  21          sbit BEEP       = P3^4;  //for relay
  22          unsigned char  ad_ack;      // bit array of error types
  23          
  24          extern unsigned char Value_Hi,Value_Lo;
  25          extern void delay(unsigned int i);
  26          extern idata unsigned char Soft_Timer[8];
  27          
  28          /********************************************************/
  29          unsigned int Get_AD3421_Value(void)
  30          {
  31   1       idata unsigned int res;
  32   1        res = 0;
  33   1        AD3421_Init();
  34   1        AD3421_write_com(write_com,ic_com);
  35   1        AD3421_read_com(read_com,ic_com);
  36   1        return(res);
  37   1      }
  38          /*******************************************************************/
  39          void AD_BitDly(void)               // wait 4.7uS, or thereabouts
  40          {                                   // tune to xtal. This works at 11.0592MHz
  41   1              unsigned char   i;
  42   1              
  43   1              for (i=0; i<0x12; i++);
  44   1      }
  45          /*****************************************************/
  46          void AD3421_Init(void)
  47          {
  48   1              unsigned int i;
  49   1              Value_SCL = 1 ;
  50   1              AD_BitDly();
  51   1              Value_SDA = 1 ;
  52   1              AD_BitDly();
  53   1              AD_BitDly();
  54   1              AD_BitDly();
  55   1              AD_BitDly();
C51 COMPILER V9.02   AD3421                                                                01/12/2014 08:41:25 PAGE 2   

  56   1              Value_SDA = 0;
  57   1      
  58   1              for(i = 0; i < 0x100; i++);    
  59   1      }
  60          /*********************************************************************/
  61          void AD3421_start(void)
  62          {
  63   1              Value_SDA = 1 ;
  64   1              AD_BitDly();
  65   1              Value_SCL = 1 ;
  66   1              AD_BitDly();
  67   1         Value_SDA = 0 ;
  68   1         AD_BitDly();
  69   1         Value_SCL = 0 ;
  70   1      }
  71          /*************************************/
  72          void AD3421_stop(void)
  73          {
  74   1              Value_SCL = 1 ;
  75   1              AD_BitDly();
  76   1          Value_SDA = 1 ;
  77   1              AD_BitDly();
  78   1      }
  79          /********************************************/
  80          void AD3421_write_byte(unsigned char bt)
  81          {
  82   1              idata unsigned char i;
  83   1      
  84   1              ad_ack = TRUE;                                          //default have ack
  85   1        
  86   1              for (i=0; i<8; i++)
  87   1              {
  88   2                      if (bt & 0x80)
  89   2                      Value_SDA = 1;                      // send each bit, MSB first
  90   2                      else
  91   2                              Value_SDA = 0;
  92   2                      Value_SCL = 1;
  93   2                      AD_BitDly();
  94   2                      Value_SCL = 0;
  95   2                      AD_BitDly();
  96   2                      bt <<= 1;
  97   2              }
  98   1      
  99   1              Value_SDA = 1;                       // change input and listen for ACK
 100   1              Value_SCL = 1;
 101   1              AD_BitDly();
 102   1              if (Value_SDA)
 103   1                      ad_ack = FALSE;                         // ack didn't happen, may be nothing out there
 104   1              Value_SCL = 0;
 105   1              AD_BitDly();
 106   1      }
 107          /********************************************************/
 108          unsigned char AD3421_read_byte(unsigned char lastbyte)  // lastone == 1 for last byte
 109          {
 110   1              idata unsigned char i, res;
 111   1              res = 0;
 112   1              Value_SDA = 1;
 113   1              for (i=0; i<8; i++)                 // each bit at a time, MSB first
 114   1              {
 115   2                      Value_SCL = 1;
 116   2                      AD_BitDly();
 117   2                      res <<= 1;
C51 COMPILER V9.02   AD3421                                                                01/12/2014 08:41:25 PAGE 3   

 118   2                      if (Value_SDA)          res |= 1;
 119   2                      Value_SCL = 0;
 120   2                      AD_BitDly();
 121   2              }
 122   1              Value_SDA = lastbyte;                   // send ACK according to 'lastone'
 123   1              Value_SCL = 1;
 124   1              AD_BitDly();
 125   1              Value_SCL = 0;
 126   1              Value_SDA = 1;
 127   1              AD_BitDly();
 128   1              return(res);
 129   1      }
 130          /********************************************************/
 131          void AD3421_write_com(unsigned char dev_id, unsigned char reg_addr)
 132          {
 133   1               AD3421_start();                                                                //send start bit
 134   1               AD3421_write_byte((dev_id));
 135   1               AD3421_write_byte(reg_addr);               //send high address
 136   1               AD3421_stop();                              //stop
 137   1      }
 138          /*****************************************************/
 139          unsigned int AD3421_read_com(unsigned char dev_id, unsigned char reg_addr)
 140          {
 141   1              unsigned int i;
 142   1      
 143   1               AD3421_start();                                                                //send start bit
 144   1               AD3421_write_byte(dev_id);                                             //send address byte
 145   1              i = ((unsigned int)  AD3421_read_byte(0)) << 8;     //get high data
 146   1              i |=  AD3421_read_byte(1);                                                  //get low data
 147   1              AD3421_write_byte(reg_addr);
 148   1              AD3421_stop();                                      //stop
 149   1          
 150   1              return i;
 151   1      }
 152          /************************************/
 153          /********************************/
 154          void AD_Delay(unsigned int n)
 155          {
 156   1              while(n--);
 157   1      }
 158          /****************************************/


MODULE INFORMATION:   STATIC OVERLAYABLE
   CODE SIZE        =    313    ----
   CONSTANT SIZE    =   ----    ----
   XDATA SIZE       =   ----    ----
   PDATA SIZE       =   ----    ----
   DATA SIZE        =      1    ----
   IDATA SIZE       =   ----       5
   BIT SIZE         =   ----    ----
   EDATA SIZE       =   ----    ----
   HDATA SIZE       =   ----    ----
   XDATA CONST SIZE =   ----    ----
   FAR CONST SIZE   =   ----    ----
END OF MODULE INFORMATION.


C51 COMPILATION COMPLETE.  0 WARNING(S),  0 ERROR(S)
