C51 COMPILER V9.02   EEPROM                                                                01/12/2014 08:41:25 PAGE 1   


C51 COMPILER V9.02, COMPILATION OF MODULE EEPROM
OBJECT MODULE PLACED IN EEPROM.OBJ
COMPILER INVOKED BY: C:\Keil\C51\BIN\C51.EXE EEPROM.C OMF2 OPTIMIZE(4,SPEED) BROWSE DEBUG

line level    source

   1          /************************************
   2          **    EEPROM FOR 24C08 DEVICE      **
   3          *************************************/
   4          #include <MPC82G516.H>
   5          #include <EEPROM.h>
   6          
   7          #define  EEPROM_ADDR  0xA0
   8          
   9          #define  TRUE   1
  10          #define  FALSE  0
  11          
  12          sbit EEPROM_SDA         = P2^5;
  13          sbit EEPROM_SCL         = P2^4;
  14          
  15          unsigned char  EEPROM_ack ;
  16          /*******************************/
  17          void EEPROM_Delay(unsigned int i)
  18          {
  19   1         unsigned char j;
  20   1       for (; i>0; i--)
  21   1       for (j=0; j<255; j++);
  22   1      }
  23          //==============================
  24          void EEPROM_BitDly(void)               // wait 4.7uS, or thereabouts
  25          {                                   // tune to xtal. This works at 11.0592MHz
  26   1              unsigned char   i;
  27   1              
  28   1              for (i=0; i<0x12; i++);
  29   1      }
  30          //============================
  31          void EEPROM_Init(void)
  32          {
  33   1              unsigned int i;
  34   1      
  35   1              EEPROM_SCL = 1;
  36   1              EEPROM_BitDly();
  37   1              EEPROM_BitDly();
  38   1              EEPROM_BitDly();
  39   1              EEPROM_BitDly();
  40   1              EEPROM_SDA = 0;
  41   1      //      EEPROM_SCL = 0;
  42   1              for(i = 0; i < 0x100; i++); 
  43   1       
  44   1      }
  45          //===================================
  46          void EEPROM_start0(void)
  47          {
  48   1              EEPROM_SDA = 1;
  49   1              EEPROM_BitDly();
  50   1              EEPROM_SDA = 0;
  51   1              EEPROM_BitDly();
  52   1              EEPROM_SCL = 0;
  53   1              EEPROM_BitDly();
  54   1      }
  55          //====================================
C51 COMPILER V9.02   EEPROM                                                                01/12/2014 08:41:25 PAGE 2   

  56          void EEPROM_stop0(void)
  57          {
  58   1              EEPROM_SDA = 0;
  59   1              EEPROM_BitDly();
  60   1              EEPROM_SCL = 1;
  61   1              EEPROM_BitDly();
  62   1              EEPROM_SDA = 1;
  63   1              EEPROM_BitDly();
  64   1      }
  65          //====================================
  66          void EEPROM_restart0(void)
  67          {
  68   1              EEPROM_SDA = 1;
  69   1              EEPROM_BitDly();
  70   1              EEPROM_SCL = 1;
  71   1              EEPROM_BitDly();
  72   1              EEPROM_SDA = 0;
  73   1              EEPROM_BitDly();
  74   1              EEPROM_SCL = 0;
  75   1              EEPROM_BitDly();  
  76   1      }
  77          //====================================
  78          void EEPROM_write_byte0(unsigned char bt)
  79          {
  80   1              idata unsigned char i;
  81   1      
  82   1              EEPROM_ack = TRUE;                                              //default have ack
  83   1        
  84   1              for (i=0; i<8; i++)
  85   1              {
  86   2                      if (bt & 0x80)
  87   2                         EEPROM_SDA = 1;         // send each bit, MSB first
  88   2                      else
  89   2                         EEPROM_SDA = 0;
  90   2                         EEPROM_SCL = 1;
  91   2                         EEPROM_BitDly();
  92   2                         EEPROM_SCL = 0;
  93   2                         EEPROM_BitDly();
  94   2                         bt <<= 1;
  95   2              }
  96   1      
  97   1              EEPROM_SDA = 1;                                // change input and listen for ACK
  98   1              EEPROM_SCL = 1;
  99   1              EEPROM_BitDly();
 100   1      
 101   1              if (EEPROM_SDA)
 102   1                      EEPROM_ack = FALSE;                             // ack didn't happen, may be nothing out there
 103   1                  EEPROM_SCL = 0;
 104   1                  EEPROM_BitDly();
 105   1      }
 106          //======================================
 107          unsigned char EEPROM_read_byte0(void)           // lastone == 1 for last byte
 108          {
 109   1              idata unsigned char i, res;
 110   1              res = 0;
 111   1              EEPROM_SDA = 1;
 112   1      
 113   1              for (i=0; i<8; i++)                 // each bit at a time, MSB first
 114   1              {
 115   2                      EEPROM_SCL = 1;
 116   2                  EEPROM_BitDly();
 117   2                            res <<= 1;
C51 COMPILER V9.02   EEPROM                                                                01/12/2014 08:41:25 PAGE 3   

 118   2                      if (EEPROM_SDA)         res |= 1;
 119   2                          EEPROM_SCL = 0;
 120   2                          EEPROM_BitDly();
 121   2              }
 122   1              EEPROM_SDA = 1;                         // send ACK according to 'lastone'
 123   1              EEPROM_SCL = 1;
 124   1              EEPROM_BitDly();
 125   1              EEPROM_SCL = 0;
 126   1              EEPROM_SDA = 1;
 127   1              EEPROM_BitDly();
 128   1              return(res);
 129   1      }
 130          //==========================================
 131          void EEPROM_write_byte(unsigned char reg_addr, unsigned char reg_data)
 132          {
 133   1              EEPROM_start0();                                                //send start bit
 134   1              EEPROM_write_byte0(EEPROM_ADDR);
 135   1              EEPROM_write_byte0(reg_addr);                   //send low address
 136   1              EEPROM_write_byte0(reg_data);                   //send low data
 137   1              EEPROM_stop0();                                         //stop
 138   1              EEPROM_Delay(100);                                                  // wait for write cycle time
 139   1      }
 140          //=====================================================
 141          unsigned char EEPROM_read_byte(unsigned char reg_addr)
 142          {
 143   1              unsigned char retb;
 144   1      
 145   1              EEPROM_start0();                                                                                //send start bit
 146   1              EEPROM_write_byte0(EEPROM_ADDR);                                        //send address byte
 147   1              EEPROM_write_byte0(reg_addr);                           //send high address
 148   1        
 149   1              EEPROM_restart0();
 150   1              EEPROM_write_byte0(EEPROM_ADDR+1);                                      //send address byte
 151   1              retb = EEPROM_read_byte0();                             //get high data
 152   1              EEPROM_stop0();                                         //stop    
 153   1          
 154   1              return retb;
 155   1      }
 156          /***************************************************/


MODULE INFORMATION:   STATIC OVERLAYABLE
   CODE SIZE        =    319    ----
   CONSTANT SIZE    =   ----    ----
   XDATA SIZE       =   ----    ----
   PDATA SIZE       =   ----    ----
   DATA SIZE        =      1    ----
   IDATA SIZE       =   ----       3
   BIT SIZE         =   ----    ----
   EDATA SIZE       =   ----    ----
   HDATA SIZE       =   ----    ----
   XDATA CONST SIZE =   ----    ----
   FAR CONST SIZE   =   ----    ----
END OF MODULE INFORMATION.


C51 COMPILATION COMPLETE.  0 WARNING(S),  0 ERROR(S)
