C51 COMPILER V9.02   AD3421                                                                01/15/2014 14:31:01 PAGE 1   


C51 COMPILER V9.02, COMPILATION OF MODULE AD3421
OBJECT MODULE PLACED IN AD3421.OBJ
COMPILER INVOKED BY: C:\Keil\C51\BIN\C51.EXE AD3421.C OMF2 OPTIMIZE(4,SPEED) BROWSE DEBUG

line level    source

   1          /***********************************************
   2            PRODUCT FOR NEWCAL MIX_TEMP FUNCTION
   3             CPU : MPC82G516
   4             BEGIN DATE: 2013.11.01
   5             FINISHED  : 2014.01.25
   6             WRITEBY   :JOHNSON LIN
   7             AD3421  setup   SET 1001 0000 FOR A0 TYPE 
   8              8CH =  pga =1 ,32767BITS
   9          **************************************************/
  10          #include <MPC82G516.h>
  11          #include <AD3421.h>
  12          
  13          #define   read_com  0x91    //    10010001
  14          #define   write_com 0x90    //    10010000
  15          #define   ic_com    0x8C    //    define PGA and counter
  16          
  17          sbit Value_SDA  = P2^0;
  18          sbit Value_SCL  = P2^1;
  19          sbit BEEP       = P3^4;  //for relay
  20          
  21          unsigned char  ad_ack;      // bit array of error types
  22          
  23          extern unsigned char Value_Hi,Value_Lo;
  24          extern void delay(unsigned int i);
  25          extern idata unsigned char Soft_Timer[8];
  26          
  27          /********************************************************/
  28          unsigned int Get_AD3421_Value(void)
  29          {
  30   1       idata unsigned int res;
  31   1        res = 0;
  32   1        AD3421_Init();
  33   1        AD3421_write_com(write_com,ic_com);
  34   1        AD3421_read_com(read_com,ic_com);
  35   1        return(res);
  36   1      }
  37          /*******************************************************************/
  38          void AD_BitDly(void)               // wait 4.7uS, or thereabouts
  39          {                                   // tune to xtal. This works at 11.0592MHz
  40   1              unsigned char   i;
  41   1              
  42   1              for (i=0; i<0x12; i++);
  43   1      }
  44          /*****************************************************/
  45          void AD3421_Init(void)
  46          {
  47   1              unsigned int i;
  48   1              Value_SCL = 1 ;
  49   1              AD_BitDly();
  50   1              Value_SDA = 1 ;
  51   1              AD_BitDly();
  52   1              AD_BitDly();
  53   1              AD_BitDly();
  54   1              AD_BitDly();
  55   1              Value_SDA = 0;
C51 COMPILER V9.02   AD3421                                                                01/15/2014 14:31:01 PAGE 2   

  56   1      
  57   1              for(i = 0; i < 0x100; i++);    
  58   1      }
  59          /*********************************************************************/
  60          void AD3421_start(void)
  61          {
  62   1              Value_SDA = 1 ;
  63   1              AD_BitDly();
  64   1              Value_SCL = 1 ;
  65   1              AD_BitDly();
  66   1         Value_SDA = 0 ;
  67   1         AD_BitDly();
  68   1         Value_SCL = 0 ;
  69   1      }
  70          /*************************************/
  71          void AD3421_stop(void)
  72          {
  73   1              Value_SCL = 1 ;
  74   1              AD_BitDly();
  75   1          Value_SDA = 1 ;
  76   1              AD_BitDly();
  77   1      }
  78          /********************************************/
  79          void AD3421_write_byte(unsigned char bt)
  80          {
  81   1              idata unsigned char i;
  82   1      
  83   1              ad_ack = TRUE;                                          //default have ack
  84   1        
  85   1              for (i=0; i<8; i++)
  86   1              {
  87   2                      if (bt & 0x80)
  88   2                      Value_SDA = 1;                      // send each bit, MSB first
  89   2                      else
  90   2                              Value_SDA = 0;
  91   2                      Value_SCL = 1;
  92   2                      AD_BitDly();
  93   2                      Value_SCL = 0;
  94   2                      AD_BitDly();
  95   2                      bt <<= 1;
  96   2              }
  97   1      
  98   1              Value_SDA = 1;                       // change input and listen for ACK
  99   1              Value_SCL = 1;
 100   1              AD_BitDly();
 101   1              if (Value_SDA)
 102   1                      ad_ack = FALSE;                         // ack didn't happen, may be nothing out there
 103   1              Value_SCL = 0;
 104   1              AD_BitDly();
 105   1      }
 106          /********************************************************/
 107          unsigned char AD3421_read_byte(unsigned char lastbyte)  // lastone == 1 for last byte
 108          {
 109   1              idata unsigned char i, res;
 110   1              res = 0;
 111   1              Value_SDA = 1;
 112   1              for (i=0; i<8; i++)                 // each bit at a time, MSB first
 113   1              {
 114   2                      Value_SCL = 1;
 115   2                      AD_BitDly();
 116   2                      res <<= 1;
 117   2                      if (Value_SDA)          res |= 1;
C51 COMPILER V9.02   AD3421                                                                01/15/2014 14:31:01 PAGE 3   

 118   2                      Value_SCL = 0;
 119   2                      AD_BitDly();
 120   2              }
 121   1              Value_SDA = lastbyte;                   // send ACK according to 'lastone'
 122   1              Value_SCL = 1;
 123   1              AD_BitDly();
 124   1              Value_SCL = 0;
 125   1              Value_SDA = 1;
 126   1              AD_BitDly();
 127   1              return(res);
 128   1      }
 129          /********************************************************/
 130          void AD3421_write_com(unsigned char dev_id, unsigned char reg_addr)
 131          {
 132   1               AD3421_start();                                                                //send start bit
 133   1               AD3421_write_byte((dev_id));
 134   1               AD3421_write_byte(reg_addr);               //send high address
 135   1               AD3421_stop();                              //stop
 136   1      }
 137          /*****************************************************/
 138          unsigned int AD3421_read_com(unsigned char dev_id, unsigned char reg_addr)
 139          {
 140   1              unsigned int i;
 141   1      
 142   1               AD3421_start();                                                                //send start bit
 143   1               AD3421_write_byte(dev_id);                                             //send address byte
 144   1              i = ((unsigned int)  AD3421_read_byte(0)) << 8;     //get high data
 145   1              i |=  AD3421_read_byte(1);                                                  //get low data
 146   1              AD3421_write_byte(reg_addr);
 147   1              AD3421_stop();                                      //stop
 148   1          
 149   1              return i;
 150   1      }
 151          /************************************/
 152          /********************************/
 153          void AD_Delay(unsigned int n)
 154          {
 155   1              while(n--);
 156   1      }
 157          /****************************************/


MODULE INFORMATION:   STATIC OVERLAYABLE
   CODE SIZE        =    313    ----
   CONSTANT SIZE    =   ----    ----
   XDATA SIZE       =   ----    ----
   PDATA SIZE       =   ----    ----
   DATA SIZE        =      1    ----
   IDATA SIZE       =   ----       5
   BIT SIZE         =   ----    ----
   EDATA SIZE       =   ----    ----
   HDATA SIZE       =   ----    ----
   XDATA CONST SIZE =   ----    ----
   FAR CONST SIZE   =   ----    ----
END OF MODULE INFORMATION.


C51 COMPILATION COMPLETE.  0 WARNING(S),  0 ERROR(S)
