C51 COMPILER V9.02   AD3421                                                                07/30/2015 20:58:17 PAGE 1   


C51 COMPILER V9.02, COMPILATION OF MODULE AD3421
OBJECT MODULE PLACED IN AD3421.OBJ
COMPILER INVOKED BY: C:\Keil\C51\BIN\C51.EXE AD3421.C OMF2 BROWSE DEBUG

line level    source

   1          /***********************************************
   2            PRODUCT FOR NEWCAL MIX_TEMP FUNCTION
   3             CPU : MPC82G516
   4             BEGIN DATE: 2013.11.01
   5             FINISHED  : 2014.01.25
   6             WRITEBY   :JOHNSON LIN                                                                                                                                                                                                                                                                                                                                                                                                                                                                                                                                                                                                                                                                       
             -                                                                                                                                          ttccc77bbbbb
   7             AD3421  setup   SET 1001 0000 FOR A0 TYPE 
   8              8CH =  pga =1 ,32767BITS
   9          **************************************************/
  10          #include <MG82FE564.H>
  11          #include <AD3421.h>
  12          #include <IO_DEFINE.h>
  13          #define   read_com  0xd1    //    11010001
  14          #define   write_com 0xd0    //    10010000
  15          #define   ic_com    0x9C    //    define PGA and counter
  16          
  17          unsigned char  ad_ack;      // bit array of error types
  18          
  19          extern unsigned char AD_Hi,AD_Mid,AD_Lo;
  20          extern unsigned char AD_Status;
  21          extern void delay(unsigned int i);
  22          extern idata unsigned char Soft_Timer[8];
  23          
  24          /********************************************************/
  25          unsigned char Get_AD3421_Value(void)
  26          {
  27   1       idata unsigned char res;
  28   1        res = 0;
  29   1        AD3421_Init();
  30   1        AD3421_write_com(write_com,ic_com);
  31   1        AD3421_read_com(read_com);
  32   1        return(res);
  33   1      }
  34          /*******************************************************************/
  35          void AD_BitDly(void)               // wait 4.7uS, or thereabouts
  36          {                                   // tune to xtal. This works at 11.0592MHz
  37   1              unsigned char   i;
  38   1              
  39   1              for (i=0; i<0x12; i++);
  40   1      }
  41          /*****************************************************/
  42          void AD3421_Init(void)
  43          {
  44   1              unsigned char i;
  45   1              Value_SCL = 1 ;
  46   1              AD_BitDly();
  47   1              Value_SDA = 1 ;
  48   1              AD_BitDly();
  49   1              AD_BitDly();
  50   1              AD_BitDly();
  51   1              AD_BitDly();
  52   1              Value_SDA = 0;
  53   1      
  54   1              for(i = 0; i < 0xfe; i++);    
C51 COMPILER V9.02   AD3421                                                                07/30/2015 20:58:17 PAGE 2   

  55   1      }
  56          /*********************************************************************/
  57          void AD3421_start(void)
  58          {
  59   1              Value_SDA = 1 ;
  60   1              AD_BitDly();
  61   1              Value_SCL = 1 ;
  62   1              AD_BitDly();
  63   1         Value_SDA = 0 ;
  64   1         AD_BitDly();
  65   1         Value_SCL = 0 ;
  66   1      }
  67          /*************************************/
  68          void AD3421_stop(void)
  69          {
  70   1              Value_SCL = 1 ;
  71   1              AD_BitDly();
  72   1          Value_SDA = 1 ;
  73   1              AD_BitDly();
  74   1      }
  75          /********************************************/
  76          void AD3421_write_byte(unsigned char bt)
  77          {
  78   1              idata unsigned char i;
  79   1      
  80   1              ad_ack = TRUE;                                          //default have ack
  81   1        
  82   1              for (i=0; i<8; i++)
  83   1              {
  84   2                      if (bt & 0x80)
  85   2                        {Value_SDA = 1;}                      // send each bit, MSB first
  86   2                      else
  87   2                       {Value_SDA = 0;}
  88   2      
  89   2                      Value_SCL = 1;
  90   2                      AD_BitDly();
  91   2                      Value_SCL = 0;
  92   2                      AD_BitDly();
  93   2                      bt = bt << 1;
  94   2              }
  95   1      
  96   1              Value_SDA = 1;                       // change input and listen for ACK
  97   1      
  98   1              Value_SCL = 1;
  99   1              AD_BitDly();
 100   1              if (Value_SDA)
 101   1                      ad_ack = FALSE;                         // ack didn't happen, may be nothing out there
 102   1              Value_SCL = 0;
 103   1              AD_BitDly();
 104   1      }
 105          /********************************************************/
 106          unsigned char AD3421_read_byte(unsigned char lastbyte)  // lastone == 1 for last byte
 107          {
 108   1              idata unsigned char i, res;
 109   1              res = 0;
 110   1              Value_SDA = 1;
 111   1              for (i=0; i<8; i++)                 // each bit at a time, MSB first
 112   1              {
 113   2                      Value_SCL = 1;
 114   2                      AD_BitDly();
 115   2                      res = res << 1;
 116   2                      if (Value_SDA)          res |= 1;
C51 COMPILER V9.02   AD3421                                                                07/30/2015 20:58:17 PAGE 3   

 117   2                      Value_SCL = 0;
 118   2                      AD_BitDly();
 119   2              }
 120   1              Value_SDA = lastbyte;                   // send ACK according to 'lastone'
 121   1              Value_SCL = 1;
 122   1              AD_BitDly();
 123   1              Value_SCL = 0;
 124   1              Value_SDA = 1;
 125   1              AD_BitDly();
 126   1              return(res);
 127   1      }
 128          /********************************************************/
 129          void AD3421_write_com(unsigned char dev_id, unsigned char reg_addr)
 130          {
 131   1               AD3421_start();                                                                //send start bit
 132   1               AD3421_write_byte((dev_id));
 133   1               AD3421_write_byte(reg_addr);               //send high address
 134   1               AD3421_stop();                              //stop
 135   1      }
 136          /*****************************************************/
 137          unsigned char AD3421_read_com(unsigned char dev_id)
 138          {
 139   1        unsigned char i; 
 140   1               AD3421_start();                                  //send start bit
 141   1               AD3421_write_byte(dev_id);               //send address byte
 142   1               AD_Hi = AD3421_read_byte(0);      //get high data
 143   1               AD_Mid = AD3421_read_byte(0);    //get high data
 144   1               AD_Lo =  AD3421_read_byte(0);    //get low data
 145   1               AD_Status =  AD3421_read_byte(1);
 146   1               AD3421_stop(); 
 147   1               i = AD_Status & 0x80 ;
 148   1              return i; 
 149   1      }
 150          /************************************/


MODULE INFORMATION:   STATIC OVERLAYABLE
   CODE SIZE        =    270    ----
   CONSTANT SIZE    =   ----    ----
   XDATA SIZE       =   ----    ----
   PDATA SIZE       =   ----    ----
   DATA SIZE        =      1    ----
   IDATA SIZE       =   ----       4
   BIT SIZE         =   ----    ----
   EDATA SIZE       =   ----    ----
   HDATA SIZE       =   ----    ----
   XDATA CONST SIZE =   ----    ----
   FAR CONST SIZE   =   ----    ----
END OF MODULE INFORMATION.


C51 COMPILATION COMPLETE.  0 WARNING(S),  0 ERROR(S)
