AutoECO Report
FILE-A: C:\CADENCE\SPB_15.5\TOOLS\LAYOUT_PLUS\DATA\DEFAULT.TCH
FILE-B: C:\UC_PRODUCT\UC_SCHMATIC\RTD_TC.MNL
If "*EOF*" immediately follows, no changes were made
Adding component C1
ERROR: No footprint found for comp C1
Adding component C10
ERROR: No footprint found for comp C10
Adding component C101
ERROR: No footprint found for comp C101
Adding component C102
ERROR: No footprint found for comp C102
Adding component C104
ERROR: No footprint found for comp C104
Adding component C105
ERROR: No footprint found for comp C105
Adding component C106
ERROR: No footprint found for comp C106
Adding component C107
ERROR: No footprint found for comp C107
Adding component C108
ERROR: No footprint found for comp C108
Adding component C109
ERROR: No footprint found for comp C109
Adding component C11
ERROR: No footprint found for comp C11
Adding component C110
ERROR: No footprint found for comp C110
Adding component C111
ERROR: No footprint found for comp C111
Adding component C112
ERROR: No footprint found for comp C112
Adding component C113
ERROR: No footprint found for comp C113
Adding component C114
ERROR: No footprint found for comp C114
Adding component C115
ERROR: No footprint found for comp C115
Adding component C116
ERROR: No footprint found for comp C116
Adding component C117
ERROR: No footprint found for comp C117
Adding component C118
ERROR: No footprint found for comp C118
Adding component C119
ERROR: No footprint found for comp C119
Adding component C12
ERROR: No footprint found for comp C12
Adding component C13
ERROR: No footprint found for comp C13
Adding component C14
ERROR: No footprint found for comp C14
Adding component C15
ERROR: No footprint found for comp C15
Adding component C150
ERROR: No footprint found for comp C150
Adding component C151
ERROR: No footprint found for comp C151
Adding component C152
ERROR: No footprint found for comp C152
Adding component C153
ERROR: No footprint found for comp C153
Adding component C154
ERROR: No footprint found for comp C154
Adding component C155
ERROR: No footprint found for comp C155
Adding component C156
ERROR: No footprint found for comp C156
Adding component C157
ERROR: No footprint found for comp C157
Adding component C158
ERROR: No footprint found for comp C158
Adding component C159
ERROR: No footprint found for comp C159
Adding component C16
ERROR: No footprint found for comp C16
Adding component C162
ERROR: No footprint found for comp C162
Adding component C17
ERROR: No footprint found for comp C17
Adding component C18
ERROR: No footprint found for comp C18
Adding component C19
ERROR: No footprint found for comp C19
Adding component C2
ERROR: No footprint found for comp C2
Adding component C20
ERROR: No footprint found for comp C20
Adding component C21
ERROR: No footprint found for comp C21
Adding component C22
ERROR: No footprint found for comp C22
Adding component C23
ERROR: No footprint found for comp C23
Adding component C24
ERROR: No footprint found for comp C24
Adding component C25
ERROR: No footprint found for comp C25
Adding component C26
ERROR: No footprint found for comp C26
Adding component C27
ERROR: No footprint found for comp C27
Adding component C29
ERROR: No footprint found for comp C29
Adding component C3
ERROR: No footprint found for comp C3
Adding component C30
ERROR: No footprint found for comp C30
Adding component C4
ERROR: No footprint found for comp C4
Adding component C409
ERROR: No footprint found for comp C409
Adding component C410
ERROR: No footprint found for comp C410
Adding component C411
ERROR: No footprint found for comp C411
Adding component C412
ERROR: No footprint found for comp C412
Adding component C413
ERROR: No footprint found for comp C413
Adding component C414
ERROR: No footprint found for comp C414
Adding component C415
ERROR: No footprint found for comp C415
Adding component C416
ERROR: No footprint found for comp C416
Adding component C417
ERROR: No footprint found for comp C417
Adding component C5
ERROR: No footprint found for comp C5
Adding component C59
ERROR: No footprint found for comp C59
Adding component C6
ERROR: No footprint found for comp C6
Adding component C60
ERROR: No footprint found for comp C60
Adding component C61
ERROR: No footprint found for comp C61
Adding component C62
ERROR: No footprint found for comp C62
Adding component C63
ERROR: No footprint found for comp C63
Adding component C64
ERROR: No footprint found for comp C64
Adding component C7
ERROR: No footprint found for comp C7
Adding component C8
ERROR: No footprint found for comp C8
Adding component C9
ERROR: No footprint found for comp C9
Adding component D101
ERROR: No footprint found for comp D101
Adding component D102
ERROR: No footprint found for comp D102
Adding component D103
ERROR: No footprint found for comp D103
Adding component D104
ERROR: No footprint found for comp D104
Adding component D105
ERROR: No footprint found for comp D105
Adding component D106
ERROR: No footprint found for comp D106
Adding component D107
ERROR: No footprint found for comp D107
Adding component D2
ERROR: No footprint found for comp D2
Adding component D3
ERROR: No footprint found for comp D3
Adding component D4
ERROR: No footprint found for comp D4
Adding component D5
ERROR: No footprint found for comp D5
Adding component DB101
ERROR: No footprint found for comp DB101
Adding component F101
ERROR: No footprint found for comp F101
Adding component J1
ERROR: No footprint found for comp J1
Adding component J2
ERROR: No footprint found for comp J2
Adding component J3
ERROR: No footprint found for comp J3
Adding component J4
ERROR: No footprint found for comp J4
Adding component J5
ERROR: No footprint found for comp J5
Adding component J6
ERROR: No footprint found for comp J6
Adding component J8
ERROR: No footprint found for comp J8
Adding component JP1
ERROR: No footprint found for comp JP1
Adding component K1
ERROR: No footprint found for comp K1
Adding component L107
ERROR: No footprint found for comp L107
Adding component L108
ERROR: No footprint found for comp L108
Adding component L109
ERROR: No footprint found for comp L109
Adding component L16
ERROR: No footprint found for comp L16
Adding component MOV101
ERROR: No footprint found for comp MOV101
Adding component MOV401
ERROR: No footprint found for comp MOV401
Adding component MOV402
ERROR: No footprint found for comp MOV402
Adding component Q1
ERROR: No footprint found for comp Q1
Adding component Q405
ERROR: No footprint found for comp Q405
Adding component Q406
ERROR: No footprint found for comp Q406
Adding component Q407
ERROR: No footprint found for comp Q407
Adding component R1
ERROR: No footprint found for comp R1
Adding component R10
ERROR: No footprint found for comp R10
Adding component R101
ERROR: No footprint found for comp R101
Adding component R102
ERROR: No footprint found for comp R102
Adding component R103
ERROR: No footprint found for comp R103
Adding component R104
ERROR: No footprint found for comp R104
Adding component R105
ERROR: No footprint found for comp R105
Adding component R106
ERROR: No footprint found for comp R106
Adding component R107
ERROR: No footprint found for comp R107
Adding component R108
ERROR: No footprint found for comp R108
Adding component R109
ERROR: No footprint found for comp R109
Adding component R11
ERROR: No footprint found for comp R11
Adding component R110
ERROR: No footprint found for comp R110
Adding component R111
ERROR: No footprint found for comp R111
Adding component R112
ERROR: No footprint found for comp R112
Adding component R113
ERROR: No footprint found for comp R113
Adding component R116
ERROR: No footprint found for comp R116
Adding component R12
ERROR: No footprint found for comp R12
Adding component R13
ERROR: No footprint found for comp R13
Adding component R14
ERROR: No footprint found for comp R14
Adding component R15
ERROR: No footprint found for comp R15
Adding component R16
ERROR: No footprint found for comp R16
Adding component R17
ERROR: No footprint found for comp R17
Adding component R18
ERROR: No footprint found for comp R18
Adding component R19
ERROR: No footprint found for comp R19
Adding component R2
ERROR: No footprint found for comp R2
Adding component R20
ERROR: No footprint found for comp R20
Adding component R21
ERROR: No footprint found for comp R21
Adding component R22
ERROR: No footprint found for comp R22
Adding component R23
ERROR: No footprint found for comp R23
Adding component R24
ERROR: No footprint found for comp R24
Adding component R25
ERROR: No footprint found for comp R25
Adding component R26
ERROR: No footprint found for comp R26
Adding component R27
ERROR: No footprint found for comp R27
Adding component R28
ERROR: No footprint found for comp R28
Adding component R29
ERROR: No footprint found for comp R29
Adding component R3
ERROR: No footprint found for comp R3
Adding component R30
ERROR: No footprint found for comp R30
Adding component R31
ERROR: No footprint found for comp R31
Adding component R32
ERROR: No footprint found for comp R32
Adding component R33
ERROR: No footprint found for comp R33
Adding component R34
ERROR: No footprint found for comp R34
Adding component R35
ERROR: No footprint found for comp R35
Adding component R36
ERROR: No footprint found for comp R36
Adding component R37
ERROR: No footprint found for comp R37
Adding component R38
ERROR: No footprint found for comp R38
Adding component R39
ERROR: No footprint found for comp R39
Adding component R4
ERROR: No footprint found for comp R4
Adding component R40
ERROR: No footprint found for comp R40
Adding component R408
ERROR: No footprint found for comp R408
Adding component R41
ERROR: No footprint found for comp R41
Adding component R410
ERROR: No footprint found for comp R410
Adding component R411
ERROR: No footprint found for comp R411
Adding component R412
ERROR: No footprint found for comp R412
Adding component R413
ERROR: No footprint found for comp R413
Adding component R414
ERROR: No footprint found for comp R414
Adding component R415
ERROR: No footprint found for comp R415
Adding component R416
ERROR: No footprint found for comp R416
Adding component R417
ERROR: No footprint found for comp R417
Adding component R418
ERROR: No footprint found for comp R418
Adding component R42
ERROR: No footprint found for comp R42
Adding component R420
ERROR: No footprint found for comp R420
Adding component R421
ERROR: No footprint found for comp R421
Adding component R43
ERROR: No footprint found for comp R43
Adding component R44
ERROR: No footprint found for comp R44
Adding component R46
ERROR: No footprint found for comp R46
Adding component R47
ERROR: No footprint found for comp R47
Adding component R5
ERROR: No footprint found for comp R5
Adding component R6
ERROR: No footprint found for comp R6
Adding component R7
ERROR: No footprint found for comp R7
Adding component R79
ERROR: No footprint found for comp R79
Adding component R8
ERROR: No footprint found for comp R8
Adding component R80
ERROR: No footprint found for comp R80
Adding component R9
ERROR: No footprint found for comp R9
Adding component RP2
ERROR: No footprint found for comp RP2
Adding component RP3
ERROR: No footprint found for comp RP3
Adding component RP4
ERROR: No footprint found for comp RP4
Adding component RP5
ERROR: No footprint found for comp RP5
Adding component SW1
ERROR: No footprint found for comp SW1
Adding component SW10
ERROR: No footprint found for comp SW10
Adding component SW11
ERROR: No footprint found for comp SW11
Adding component SW12
ERROR: No footprint found for comp SW12
Adding component SW2
ERROR: No footprint found for comp SW2
Adding component SW3
ERROR: No footprint found for comp SW3
Adding component SW4
ERROR: No footprint found for comp SW4
Adding component SW5
ERROR: No footprint found for comp SW5
Adding component SW6
ERROR: No footprint found for comp SW6
Adding component SW7
ERROR: No footprint found for comp SW7
Adding component SW8
ERROR: No footprint found for comp SW8
Adding component SW9
ERROR: No footprint found for comp SW9
Adding component TFT100
ERROR: No footprint found for comp TFT100
Adding component TL101
ERROR: No footprint found for comp TL101
Adding component TR102
ERROR: No footprint found for comp TR102
Adding component U10
ERROR: No footprint found for comp U10
Adding component U107
ERROR: No footprint found for comp U107
Adding component U108
ERROR: No footprint found for comp U108
Adding component U109
ERROR: No footprint found for comp U109
Adding component U11
ERROR: No footprint found for comp U11
Adding component U110
ERROR: No footprint found for comp U110
Adding component U111
ERROR: No footprint found for comp U111
Adding component U112
ERROR: No footprint found for comp U112
Adding component U113
ERROR: No footprint found for comp U113
Adding component U114
ERROR: No footprint found for comp U114
Adding component U115
ERROR: No footprint found for comp U115
Adding component U116
ERROR: No footprint found for comp U116
Adding component U117
ERROR: No footprint found for comp U117
Adding component U12
ERROR: No footprint found for comp U12
Adding component U13
ERROR: No footprint found for comp U13
Adding component U2
ERROR: No footprint found for comp U2
Adding component U3
ERROR: No footprint found for comp U3
Adding component U4
ERROR: No footprint found for comp U4
Adding component U403
ERROR: No footprint found for comp U403
Adding component U404
ERROR: No footprint found for comp U404
Adding component U405
ERROR: No footprint found for comp U405
Adding component U6
ERROR: No footprint found for comp U6
Adding component U7
ERROR: No footprint found for comp U7
Adding component U8
ERROR: No footprint found for comp U8
Adding component U9
ERROR: No footprint found for comp U9
Adding component V1
ERROR: No footprint found for comp V1
Adding component Y1
ERROR: No footprint found for comp Y1
Adding component Y2
ERROR: No footprint found for comp Y2
Adding component ZD103
ERROR: No footprint found for comp ZD103
Adding component ZD104
ERROR: No footprint found for comp ZD104
*EOF*
Unable to complete ECO due to errors
229 errors found
