AutoECO Error Report
FILE-A: C:\CADENCE\SPB_15.5\TOOLS\LAYOUT_PLUS\DATA\DEFAULT.TCH
FILE-B: C:\UC_PRODUCT\UC_SCHMATIC\RTD_TC.MNL
ERROR: No footprint found for comp C1
ERROR: No footprint found for comp C10
ERROR: No footprint found for comp C101
ERROR: No footprint found for comp C102
ERROR: No footprint found for comp C104
ERROR: No footprint found for comp C105
ERROR: No footprint found for comp C106
ERROR: No footprint found for comp C107
ERROR: No footprint found for comp C108
ERROR: No footprint found for comp C109
ERROR: No footprint found for comp C11
ERROR: No footprint found for comp C110
ERROR: No footprint found for comp C111
ERROR: No footprint found for comp C112
ERROR: No footprint found for comp C113
ERROR: No footprint found for comp C114
ERROR: No footprint found for comp C115
ERROR: No footprint found for comp C116
ERROR: No footprint found for comp C117
ERROR: No footprint found for comp C118
ERROR: No footprint found for comp C119
ERROR: No footprint found for comp C12
ERROR: No footprint found for comp C13
ERROR: No footprint found for comp C14
ERROR: No footprint found for comp C15
ERROR: No footprint found for comp C150
ERROR: No footprint found for comp C151
ERROR: No footprint found for comp C152
ERROR: No footprint found for comp C153
ERROR: No footprint found for comp C154
ERROR: No footprint found for comp C155
ERROR: No footprint found for comp C156
ERROR: No footprint found for comp C157
ERROR: No footprint found for comp C158
ERROR: No footprint found for comp C159
ERROR: No footprint found for comp C16
ERROR: No footprint found for comp C162
ERROR: No footprint found for comp C17
ERROR: No footprint found for comp C18
ERROR: No footprint found for comp C19
ERROR: No footprint found for comp C2
ERROR: No footprint found for comp C20
ERROR: No footprint found for comp C21
ERROR: No footprint found for comp C22
ERROR: No footprint found for comp C23
ERROR: No footprint found for comp C24
ERROR: No footprint found for comp C25
ERROR: No footprint found for comp C26
ERROR: No footprint found for comp C27
ERROR: No footprint found for comp C29
ERROR: No footprint found for comp C3
ERROR: No footprint found for comp C30
ERROR: No footprint found for comp C4
ERROR: No footprint found for comp C409
ERROR: No footprint found for comp C410
ERROR: No footprint found for comp C411
ERROR: No footprint found for comp C412
ERROR: No footprint found for comp C413
ERROR: No footprint found for comp C414
ERROR: No footprint found for comp C415
ERROR: No footprint found for comp C416
ERROR: No footprint found for comp C417
ERROR: No footprint found for comp C5
ERROR: No footprint found for comp C59
ERROR: No footprint found for comp C6
ERROR: No footprint found for comp C60
ERROR: No footprint found for comp C61
ERROR: No footprint found for comp C62
ERROR: No footprint found for comp C63
ERROR: No footprint found for comp C64
ERROR: No footprint found for comp C7
ERROR: No footprint found for comp C8
ERROR: No footprint found for comp C9
ERROR: No footprint found for comp D101
ERROR: No footprint found for comp D102
ERROR: No footprint found for comp D103
ERROR: No footprint found for comp D104
ERROR: No footprint found for comp D105
ERROR: No footprint found for comp D106
ERROR: No footprint found for comp D107
ERROR: No footprint found for comp D2
ERROR: No footprint found for comp D3
ERROR: No footprint found for comp D4
ERROR: No footprint found for comp D5
ERROR: No footprint found for comp DB101
ERROR: No footprint found for comp F101
ERROR: No footprint found for comp J1
ERROR: No footprint found for comp J2
ERROR: No footprint found for comp J3
ERROR: No footprint found for comp J4
ERROR: No footprint found for comp J5
ERROR: No footprint found for comp J6
ERROR: No footprint found for comp J8
ERROR: No footprint found for comp JP1
ERROR: No footprint found for comp K1
ERROR: No footprint found for comp L107
ERROR: No footprint found for comp L108
ERROR: No footprint found for comp L109
ERROR: No footprint found for comp L16
ERROR: No footprint found for comp MOV101
ERROR: No footprint found for comp MOV401
ERROR: No footprint found for comp MOV402
ERROR: No footprint found for comp Q1
ERROR: No footprint found for comp Q405
ERROR: No footprint found for comp Q406
ERROR: No footprint found for comp Q407
ERROR: No footprint found for comp R1
ERROR: No footprint found for comp R10
ERROR: No footprint found for comp R101
ERROR: No footprint found for comp R102
ERROR: No footprint found for comp R103
ERROR: No footprint found for comp R104
ERROR: No footprint found for comp R105
ERROR: No footprint found for comp R106
ERROR: No footprint found for comp R107
ERROR: No footprint found for comp R108
ERROR: No footprint found for comp R109
ERROR: No footprint found for comp R11
ERROR: No footprint found for comp R110
ERROR: No footprint found for comp R111
ERROR: No footprint found for comp R112
ERROR: No footprint found for comp R113
ERROR: No footprint found for comp R116
ERROR: No footprint found for comp R12
ERROR: No footprint found for comp R13
ERROR: No footprint found for comp R14
ERROR: No footprint found for comp R15
ERROR: No footprint found for comp R16
ERROR: No footprint found for comp R17
ERROR: No footprint found for comp R18
ERROR: No footprint found for comp R19
ERROR: No footprint found for comp R2
ERROR: No footprint found for comp R20
ERROR: No footprint found for comp R21
ERROR: No footprint found for comp R22
ERROR: No footprint found for comp R23
ERROR: No footprint found for comp R24
ERROR: No footprint found for comp R25
ERROR: No footprint found for comp R26
ERROR: No footprint found for comp R27
ERROR: No footprint found for comp R28
ERROR: No footprint found for comp R29
ERROR: No footprint found for comp R3
ERROR: No footprint found for comp R30
ERROR: No footprint found for comp R31
ERROR: No footprint found for comp R32
ERROR: No footprint found for comp R33
ERROR: No footprint found for comp R34
ERROR: No footprint found for comp R35
ERROR: No footprint found for comp R36
ERROR: No footprint found for comp R37
ERROR: No footprint found for comp R38
ERROR: No footprint found for comp R39
ERROR: No footprint found for comp R4
ERROR: No footprint found for comp R40
ERROR: No footprint found for comp R408
ERROR: No footprint found for comp R41
ERROR: No footprint found for comp R410
ERROR: No footprint found for comp R411
ERROR: No footprint found for comp R412
ERROR: No footprint found for comp R413
ERROR: No footprint found for comp R414
ERROR: No footprint found for comp R415
ERROR: No footprint found for comp R416
ERROR: No footprint found for comp R417
ERROR: No footprint found for comp R418
ERROR: No footprint found for comp R42
ERROR: No footprint found for comp R420
ERROR: No footprint found for comp R421
ERROR: No footprint found for comp R43
ERROR: No footprint found for comp R44
ERROR: No footprint found for comp R46
ERROR: No footprint found for comp R47
ERROR: No footprint found for comp R5
ERROR: No footprint found for comp R6
ERROR: No footprint found for comp R7
ERROR: No footprint found for comp R79
ERROR: No footprint found for comp R8
ERROR: No footprint found for comp R80
ERROR: No footprint found for comp R9
ERROR: No footprint found for comp RP2
ERROR: No footprint found for comp RP3
ERROR: No footprint found for comp RP4
ERROR: No footprint found for comp RP5
ERROR: No footprint found for comp SW1
ERROR: No footprint found for comp SW10
ERROR: No footprint found for comp SW11
ERROR: No footprint found for comp SW12
ERROR: No footprint found for comp SW2
ERROR: No footprint found for comp SW3
ERROR: No footprint found for comp SW4
ERROR: No footprint found for comp SW5
ERROR: No footprint found for comp SW6
ERROR: No footprint found for comp SW7
ERROR: No footprint found for comp SW8
ERROR: No footprint found for comp SW9
ERROR: No footprint found for comp TFT100
ERROR: No footprint found for comp TL101
ERROR: No footprint found for comp TR102
ERROR: No footprint found for comp U10
ERROR: No footprint found for comp U107
ERROR: No footprint found for comp U108
ERROR: No footprint found for comp U109
ERROR: No footprint found for comp U11
ERROR: No footprint found for comp U110
ERROR: No footprint found for comp U111
ERROR: No footprint found for comp U112
ERROR: No footprint found for comp U113
ERROR: No footprint found for comp U114
ERROR: No footprint found for comp U115
ERROR: No footprint found for comp U116
ERROR: No footprint found for comp U117
ERROR: No footprint found for comp U12
ERROR: No footprint found for comp U13
ERROR: No footprint found for comp U2
ERROR: No footprint found for comp U3
ERROR: No footprint found for comp U4
ERROR: No footprint found for comp U403
ERROR: No footprint found for comp U404
ERROR: No footprint found for comp U405
ERROR: No footprint found for comp U6
ERROR: No footprint found for comp U7
ERROR: No footprint found for comp U8
ERROR: No footprint found for comp U9
ERROR: No footprint found for comp V1
ERROR: No footprint found for comp Y1
ERROR: No footprint found for comp Y2
ERROR: No footprint found for comp ZD103
ERROR: No footprint found for comp ZD104
Unable to complete ECO due to errors
229 errors found
